<?xml version="1.0" encoding="UTF-8"?>
<testng-results skipped="0" failed="0" ignored="0" total="1" passed="1">
  <reporter-output>
  </reporter-output>
  <suite name="Suite" duration-ms="33272" started-at="2018-12-29T07:16:18Z" finished-at="2018-12-29T07:16:51Z">
    <groups>
    </groups>
    <test name="Test" duration-ms="33272" started-at="2018-12-29T07:16:18Z" finished-at="2018-12-29T07:16:51Z">
      <class name="mavenJenkinsIntegration.VerifyTitle">
        <test-method status="PASS" signature="test_1()[pri:0, instance:mavenJenkinsIntegration.VerifyTitle@59fa1d9b]" name="test_1" duration-ms="33162" started-at="2018-12-29T07:16:18Z" finished-at="2018-12-29T07:16:51Z">
          <reporter-output>
          </reporter-output>
        </test-method> <!-- test_1 -->
      </class> <!-- mavenJenkinsIntegration.VerifyTitle -->
    </test> <!-- Test -->
  </suite> <!-- Suite -->
</testng-results>
